#-----------------------------------------------------------
# Vivado v2019.2 (64-bit)
# SW Build 2708876 on Wed Nov  6 21:40:23 MST 2019
# IP Build 2700528 on Thu Nov  7 00:09:20 MST 2019
# Start of session at: Wed May  6 20:27:22 2020
# Process ID: 12544
# Current directory: D:/Old desktop/Education/MIET/2 grade 2 semestr/plis/lab2/tmp
# Command line: vivado.exe -gui_launcher_event rodinguilauncherevent3144 D:\Old desktop\Education\MIET\2 grade 2 semestr\plis\lab2\tmp\lab2.xpr
# Log file: D:/Old desktop/Education/MIET/2 grade 2 semestr/plis/lab2/tmp/vivado.log
# Journal file: D:/Old desktop/Education/MIET/2 grade 2 semestr/plis/lab2/tmp\vivado.jou
#-----------------------------------------------------------
start_gui
open_project {D:/Old desktop/Education/MIET/2 grade 2 semestr/plis/lab2/tmp/lab2.xpr}
Scanning sources...
Finished scanning sources
INFO: [IP_Flow 19-234] Refreshing IP repositories
INFO: [IP_Flow 19-1704] No user IP repositories specified
INFO: [IP_Flow 19-2313] Loaded Vivado IP repository 'D:/Xilinx/Vivado/2019.2/data/ip'.
open_project: Time (s): cpu = 00:00:35 ; elapsed = 00:00:36 . Memory (MB): peak = 827.781 ; gain = 236.164
update_compile_order -fileset sources_1
exit
INFO: [Common 17-206] Exiting Vivado at Wed May  6 20:31:23 2020...
